Failed to initialize libusb.
Fetching 50 blocks... done
Calculating status information... done
Failed to initialize libusb.
Fetching 200 blocks... done
Calculating status information... done
warning: commands will be executed using /bin/sh
job 23257 at Fri May 29 02:28:00 2020
Warning: at daemon not running
Failed to initialize libusb.
Fetching 50 blocks... done
Calculating status information... done
Failed to initialize libusb.
Fetching 200 blocks... done
Calculating status information... done
warning: commands will be executed using /bin/sh
job 23258 at Fri May 29 02:29:00 2020
Warning: at daemon not running
Failed to initialize libusb.
Fetching 50 blocks... done
Calculating status information... done
Failed to initialize libusb.
Fetching 200 blocks... done
Calculating status information... done
warning: commands will be executed using /bin/sh
job 23259 at Fri May 29 02:30:00 2020
Warning: at daemon not running
Failed to initialize libusb.
Fetching 50 blocks... done
Calculating status information... done
Failed to initialize libusb.
Fetching 200 blocks... done
Calculating status information... done
warning: commands will be executed using /bin/sh
job 23260 at Fri May 29 02:31:00 2020
Warning: at daemon not running
errors
0
0
Failed to initialize libusb.
Fetching 50 blocks... done
Calculating status information... done
Failed to initialize libusb.
Fetching 200 blocks... done
Calculating status information... done
warning: commands will be executed using /bin/sh
job 23261 at Fri May 29 02:32:00 2020
Warning: at daemon not running
Failed to initialize libusb.
Fetching 50 blocks... done
Calculating status information... done
Failed to initialize libusb.
Fetching 200 blocks... done
Calculating status information... done
warning: commands will be executed using /bin/sh
job 23262 at Fri May 29 02:33:00 2020
Warning: at daemon not running
Failed to initialize libusb.
Fetching 50 blocks... done
Calculating status information... done
Failed to initialize libusb.
Fetching 200 blocks... done
Calculating status information... done
warning: commands will be executed using /bin/sh
job 23263 at Fri May 29 02:34:00 2020
Warning: at daemon not running
Failed to initialize libusb.
Fetching 50 blocks... done
Calculating status information... done
Failed to initialize libusb.
Fetching 200 blocks... done
Calculating status information... done
warning: commands will be executed using /bin/sh
job 23264 at Fri May 29 02:35:00 2020
Warning: at daemon not running
Failed to initialize libusb.
Fetching 50 blocks... done
Calculating status information... done
Failed to initialize libusb.
Fetching 200 blocks... done
Calculating status information... done
warning: commands will be executed using /bin/sh
job 23265 at Fri May 29 02:36:00 2020
Warning: at daemon not running
Failed to initialize libusb.
Fetching 50 blocks... done
Calculating status information... done
Failed to initialize libusb.
Fetching 200 blocks... done
Calculating status information... done
warning: commands will be executed using /bin/sh
job 23266 at Fri May 29 02:37:00 2020
Warning: at daemon not running
Failed to initialize libusb.
Fetching 50 blocks... done
Calculating status information... done
Failed to initialize libusb.
Fetching 200 blocks... done
Calculating status information... done
warning: commands will be executed using /bin/sh
job 23267 at Fri May 29 02:38:00 2020
Warning: at daemon not running
Failed to initialize libusb.
Fetching 50 blocks... done
Calculating status information... done
Failed to initialize libusb.
Fetching 200 blocks... done
Calculating status information... done
warning: commands will be executed using /bin/sh
job 23268 at Fri May 29 02:39:00 2020
Warning: at daemon not running
Failed to initialize libusb.
Fetching 50 blocks... done
Calculating status information... done
Failed to initialize libusb.
Fetching 200 blocks... done
Calculating status information... done
warning: commands will be executed using /bin/sh
job 23269 at Fri May 29 02:40:00 2020
Warning: at daemon not running
Failed to initialize libusb.
Fetching 50 blocks... done
Calculating status information... done
Failed to initialize libusb.
Fetching 200 blocks... done
Calculating status information... done
warning: commands will be executed using /bin/sh
job 23270 at Fri May 29 02:41:00 2020
Warning: at daemon not running
Failed to initialize libusb.
Fetching 50 blocks... done
Calculating status information... done
Failed to initialize libusb.
Fetching 200 blocks... done
Calculating status information... done
warning: commands will be executed using /bin/sh
job 23271 at Fri May 29 02:42:00 2020
Warning: at daemon not running
Failed to initialize libusb.
Fetching 50 blocks... done
Calculating status information... done
Failed to initialize libusb.
Fetching 200 blocks... done
Calculating status information... done
warning: commands will be executed using /bin/sh
job 23272 at Fri May 29 02:43:00 2020
Warning: at daemon not running
Failed to initialize libusb.
Fetching 50 blocks... done
Calculating status information... done
Failed to initialize libusb.
Fetching 200 blocks... done
Calculating status information... done
warning: commands will be executed using /bin/sh
job 23273 at Fri May 29 02:44:00 2020
Warning: at daemon not running
Failed to initialize libusb.
Fetching 50 blocks... done
Calculating status information... done
Failed to initialize libusb.
Fetching 200 blocks... done
Calculating status information... done
warning: commands will be executed using /bin/sh
job 23274 at Fri May 29 02:45:00 2020
Warning: at daemon not running
Failed to initialize libusb.
Fetching 50 blocks... done
Calculating status information... done
Failed to initialize libusb.
Fetching 200 blocks... done
Calculating status information... done
warning: commands will be executed using /bin/sh
job 23275 at Fri May 29 02:46:00 2020
Warning: at daemon not running
Failed to initialize libusb.
Fetching 50 blocks... done
Calculating status information... done
Failed to initialize libusb.
Fetching 200 blocks... done
Calculating status information... done
warning: commands will be executed using /bin/sh
job 23276 at Fri May 29 02:47:00 2020
Warning: at daemon not running
Failed to initialize libusb.
Fetching 50 blocks... done
Calculating status information... done
Failed to initialize libusb.
Fetching 200 blocks... done
Calculating status information... done
warning: commands will be executed using /bin/sh
job 23277 at Fri May 29 02:48:00 2020
Warning: at daemon not running
Failed to initialize libusb.
Fetching 50 blocks... done
Calculating status information... done
Failed to initialize libusb.
Fetching 200 blocks... done
Calculating status information... done
warning: commands will be executed using /bin/sh
job 23278 at Fri May 29 02:49:00 2020
Warning: at daemon not running
Failed to initialize libusb.
Fetching 50 blocks... done
Calculating status information... done
Failed to initialize libusb.
Fetching 200 blocks... done
Calculating status information... done
warning: commands will be executed using /bin/sh
job 23279 at Fri May 29 02:50:00 2020
Warning: at daemon not running
Failed to initialize libusb.
Fetching 50 blocks... done
Calculating status information... done
Failed to initialize libusb.
Fetching 200 blocks... done
Calculating status information... done
warning: commands will be executed using /bin/sh
job 23280 at Fri May 29 02:51:00 2020
Warning: at daemon not running
Failed to initialize libusb.
Fetching 50 blocks... done
Calculating status information... done
Failed to initialize libusb.
Fetching 200 blocks... done
Calculating status information... done
warning: commands will be executed using /bin/sh
job 23281 at Fri May 29 02:52:00 2020
Warning: at daemon not running
Failed to initialize libusb.
Fetching 50 blocks... done
Calculating status information... done
Failed to initialize libusb.
Fetching 200 blocks... done
Calculating status information... done
warning: commands will be executed using /bin/sh
job 23282 at Fri May 29 02:53:00 2020
Warning: at daemon not running
Failed to initialize libusb.
Fetching 50 blocks... done
Calculating status information... done
Failed to initialize libusb.
Fetching 200 blocks... done
Calculating status information... done
warning: commands will be executed using /bin/sh
job 23283 at Fri May 29 02:54:00 2020
Warning: at daemon not running
Failed to initialize libusb.
Fetching 50 blocks... done
Calculating status information... done
Failed to initialize libusb.
Fetching 200 blocks... done
Calculating status information... done
warning: commands will be executed using /bin/sh
job 23284 at Fri May 29 02:55:00 2020
Warning: at daemon not running
Failed to initialize libusb.
Fetching 50 blocks... done
Calculating status information... done
Failed to initialize libusb.
Fetching 200 blocks... done
Calculating status information... done
warning: commands will be executed using /bin/sh
job 23285 at Fri May 29 02:56:00 2020
Warning: at daemon not running
Failed to initialize libusb.
Fetching 50 blocks... done
Calculating status information... done
Failed to initialize libusb.
Fetching 200 blocks... done
Calculating status information... done
warning: commands will be executed using /bin/sh
job 23286 at Fri May 29 02:57:00 2020
Warning: at daemon not running
Failed to initialize libusb.
Fetching 50 blocks... done
Calculating status information... done
Failed to initialize libusb.
Fetching 200 blocks... done
Calculating status information... done
warning: commands will be executed using /bin/sh
job 23287 at Fri May 29 02:58:00 2020
Warning: at daemon not running
Failed to initialize libusb.
Fetching 50 blocks... done
Calculating status information... done
Failed to initialize libusb.
Fetching 200 blocks... done
Calculating status information... done
warning: commands will be executed using /bin/sh
job 23288 at Fri May 29 02:59:00 2020
Warning: at daemon not running
Failed to initialize libusb.
Fetching 50 blocks... done
Calculating status information... done
Failed to initialize libusb.
Fetching 200 blocks... done
Calculating status information... done
warning: commands will be executed using /bin/sh
job 23289 at Fri May 29 03:00:00 2020
Warning: at daemon not running
Failed to initialize libusb.
Fetching 50 blocks... done
Calculating status information... done
Failed to initialize libusb.
Fetching 200 blocks... done
Calculating status information... done
warning: commands will be executed using /bin/sh
job 23290 at Fri May 29 03:01:00 2020
Warning: at daemon not running
Failed to initialize libusb.
Fetching 50 blocks... done
Calculating status information... done
Failed to initialize libusb.
Fetching 200 blocks... done
Calculating status information... done
warning: commands will be executed using /bin/sh
job 23291 at Fri May 29 03:02:00 2020
Warning: at daemon not running
Failed to initialize libusb.
Fetching 50 blocks... done
Calculating status information... done
Failed to initialize libusb.
Fetching 200 blocks... done
Calculating status information... done
warning: commands will be executed using /bin/sh
job 23292 at Fri May 29 03:03:00 2020
Warning: at daemon not running
Failed to initialize libusb.
Fetching 50 blocks... done
Calculating status information... done
Failed to initialize libusb.
Fetching 200 blocks... done
Calculating status information... done
warning: commands will be executed using /bin/sh
job 23293 at Fri May 29 03:04:00 2020
Warning: at daemon not running
Failed to initialize libusb.
Fetching 50 blocks... done
Calculating status information... done
Failed to initialize libusb.
Fetching 200 blocks... done
Calculating status information... done
warning: commands will be executed using /bin/sh
job 23294 at Fri May 29 03:05:00 2020
Warning: at daemon not running
Failed to initialize libusb.
Fetching 50 blocks... done
Calculating status information... done
Failed to initialize libusb.
Fetching 200 blocks... done
Calculating status information... done
warning: commands will be executed using /bin/sh
job 23295 at Fri May 29 03:06:00 2020
Warning: at daemon not running
Failed to initialize libusb.
Fetching 50 blocks... done
Calculating status information... done
Failed to initialize libusb.
Fetching 200 blocks... done
Calculating status information... done
warning: commands will be executed using /bin/sh
job 23296 at Fri May 29 03:07:00 2020
Warning: at daemon not running
Failed to initialize libusb.
Fetching 50 blocks... done
Calculating status information... done
Failed to initialize libusb.
Fetching 200 blocks... done
Calculating status information... done
warning: commands will be executed using /bin/sh
job 23297 at Fri May 29 03:08:00 2020
Warning: at daemon not running
/home/ubuntu/monitoringTools/monitor.sh: line 19: 08: value too great for base (error token is "08")
Failed to initialize libusb.
Fetching 50 blocks... done
Calculating status information... done
Failed to initialize libusb.
Fetching 200 blocks... done
Calculating status information... done
warning: commands will be executed using /bin/sh
job 23298 at Fri May 29 03:09:00 2020
Warning: at daemon not running
/home/ubuntu/monitoringTools/monitor.sh: line 19: 09: value too great for base (error token is "09")
Failed to initialize libusb.
Fetching 50 blocks... done
Calculating status information... done
Failed to initialize libusb.
Fetching 200 blocks... done
Calculating status information... done
warning: commands will be executed using /bin/sh
job 23299 at Fri May 29 03:10:00 2020
Warning: at daemon not running
Failed to initialize libusb.
Fetching 50 blocks... done
Calculating status information... done
Failed to initialize libusb.
Fetching 200 blocks... done
Calculating status information... done
warning: commands will be executed using /bin/sh
job 23300 at Fri May 29 03:11:00 2020
Warning: at daemon not running
Failed to initialize libusb.
Fetching 50 blocks... done
Calculating status information... done
Failed to initialize libusb.
Fetching 200 blocks... done
Calculating status information... done
warning: commands will be executed using /bin/sh
job 23301 at Fri May 29 03:12:00 2020
Warning: at daemon not running
Failed to initialize libusb.
Fetching 50 blocks... done
Calculating status information... done
Failed to initialize libusb.
Fetching 200 blocks... done
Calculating status information... done
warning: commands will be executed using /bin/sh
job 23302 at Fri May 29 03:13:00 2020
Warning: at daemon not running
Failed to initialize libusb.
Fetching 50 blocks... done
Calculating status information... done
Failed to initialize libusb.
Fetching 200 blocks... done
Calculating status information... done
warning: commands will be executed using /bin/sh
job 23303 at Fri May 29 03:14:00 2020
Warning: at daemon not running
Failed to initialize libusb.
Fetching 50 blocks... done
Calculating status information... done
Failed to initialize libusb.
Fetching 200 blocks... done
Calculating status information... done
warning: commands will be executed using /bin/sh
job 23304 at Fri May 29 03:15:00 2020
Warning: at daemon not running
Failed to initialize libusb.
Fetching 50 blocks... done
Calculating status information... done
Failed to initialize libusb.
Fetching 200 blocks... done
Calculating status information... done
warning: commands will be executed using /bin/sh
job 23305 at Fri May 29 03:16:00 2020
Warning: at daemon not running
Failed to initialize libusb.
Fetching 50 blocks... done
Calculating status information... done
Failed to initialize libusb.
Fetching 200 blocks... done
Calculating status information... done
warning: commands will be executed using /bin/sh
job 23306 at Fri May 29 03:17:00 2020
Warning: at daemon not running
Failed to initialize libusb.
Fetching 50 blocks... done
Calculating status information... done
Failed to initialize libusb.
Fetching 200 blocks... done
Calculating status information... done
warning: commands will be executed using /bin/sh
job 23307 at Fri May 29 03:18:00 2020
Warning: at daemon not running
Failed to initialize libusb.
Fetching 50 blocks... done
Calculating status information... done
Failed to initialize libusb.
Fetching 200 blocks... done
Calculating status information... done
warning: commands will be executed using /bin/sh
job 23308 at Fri May 29 03:19:00 2020
Warning: at daemon not running
Failed to initialize libusb.
Fetching 50 blocks... done
Calculating status information... done
Failed to initialize libusb.
Fetching 200 blocks... done
Calculating status information... done
warning: commands will be executed using /bin/sh
job 23309 at Fri May 29 03:20:00 2020
Warning: at daemon not running
Failed to initialize libusb.
Fetching 50 blocks... done
Calculating status information... done
Failed to initialize libusb.
Fetching 200 blocks... done
Calculating status information... done
warning: commands will be executed using /bin/sh
job 23310 at Fri May 29 03:21:00 2020
Warning: at daemon not running
Failed to initialize libusb.
Fetching 50 blocks... done
Calculating status information... done
Failed to initialize libusb.
Fetching 200 blocks... done
Calculating status information... done
warning: commands will be executed using /bin/sh
job 23311 at Fri May 29 03:22:00 2020
Warning: at daemon not running
Failed to initialize libusb.
Fetching 50 blocks... done
Calculating status information... done
Failed to initialize libusb.
Fetching 200 blocks... done
Calculating status information... done
warning: commands will be executed using /bin/sh
job 23312 at Fri May 29 03:23:00 2020
Warning: at daemon not running
Failed to initialize libusb.
Fetching 50 blocks... done
Calculating status information... done
Failed to initialize libusb.
Fetching 200 blocks... done
Calculating status information... done
warning: commands will be executed using /bin/sh
job 23313 at Fri May 29 03:24:00 2020
Warning: at daemon not running
Failed to initialize libusb.
Fetching 50 blocks... done
Calculating status information... done
Failed to initialize libusb.
Fetching 200 blocks... done
Calculating status information... done
warning: commands will be executed using /bin/sh
job 23314 at Fri May 29 03:25:00 2020
Warning: at daemon not running
Failed to initialize libusb.
Fetching 50 blocks... done
Calculating status information... done
Failed to initialize libusb.
Fetching 200 blocks... done
Calculating status information... done
warning: commands will be executed using /bin/sh
job 23315 at Fri May 29 03:26:00 2020
Warning: at daemon not running
Failed to initialize libusb.
Fetching 50 blocks... done
Calculating status information... done
Failed to initialize libusb.
Fetching 200 blocks... done
Calculating status information... done
warning: commands will be executed using /bin/sh
job 23316 at Fri May 29 03:27:00 2020
Warning: at daemon not running
ress
Failed to initialize libusb.
Fetching 50 blocks... done
Calculating status information... done
Failed to initialize libusb.
Fetching 200 blocks... done
Calculating status information... done
warning: commands will be executed using /bin/sh
job 23317 at Fri May 29 03:28:00 2020
Warning: at daemon not running
ress

Failed to initialize libusb.
Fetching 50 blocks... done
Calculating status information... done
Failed to initialize libusb.
Fetching 200 blocks... done
Calculating status information... done
warning: commands will be executed using /bin/sh
job 23318 at Fri May 29 03:29:00 2020
Warning: at daemon not running
Failed to initialize libusb.
Fetching 50 blocks... done
Calculating status information... done
Failed to initialize libusb.
Fetching 200 blocks... done
Calculating status information... done
warning: commands will be executed using /bin/sh
job 23319 at Fri May 29 03:29:00 2020
Warning: at daemon not running
ress

Failed to initialize libusb.
Fetching 50 blocks... done
Calculating status information... done
Failed to initialize libusb.
Fetching 200 blocks... done
Calculating status information... done
warning: commands will be executed using /bin/sh
job 23320 at Fri May 29 03:30:00 2020
Warning: at daemon not running
true
ress
1
Failed to initialize libusb.
Fetching 50 blocks... done
Calculating status information... done
Failed to initialize libusb.
Fetching 200 blocks... done
Calculating status information... done
warning: commands will be executed using /bin/sh
job 23321 at Fri May 29 03:31:00 2020
Warning: at daemon not running
true
ress
1
